<?xml version="1.0" encoding="UTF-8"?>
<!-- Generated by org.testng.reporters.JUnitReportReporter -->
<testsuite skipped="0" hostname="NAP-LAP1" name="UITest.CalendarTest" tests="1" failures="0" timestamp="18 Dec 2019 16:57:26 GMT" time="31.163" errors="0">
  <testcase name="createEventTest" time="31.163" classname="UITest.CalendarTest"/>
</testsuite> <!-- UITest.CalendarTest -->
